<?xml version="1.0" encoding="UTF-8"?>
<!-- Generated by org.testng.reporters.JUnitReportReporter -->
<testsuite hostname="GODHEAVEN" failures="0" tests="3" name="primusRunner.PrimusRunner" time="29.212" errors="0" timestamp="2024-08-12T10:39:19 IST" skipped="2">
  <testcase classname="primusRunner.PrimusRunner" name="runScenario" time="12.189">
    <system-out>
      <![CDATA[<div "result">launch browser with this url &quot;http:&#x2F;&#x2F;primusbank.qedgetech.com&#x2F;&quot; (PASSED : 9s)</div>
<div "result">wait for text with &quot;xpath&quot; and &quot;(&#x2F;&#x2F;div[@class=&#x27;whitehead&#x27;])[1]&quot; (PASSED : 0s)</div>
<div "result">enter the &quot;Admin&quot; with &quot;name&quot; and &quot;txtuId&quot; (PASSED : 0s)</div>
<div "result">enter the &quot;Admin&quot; with &quot;name&quot; and &quot;txtPword&quot; (PASSED : 0s)</div>
<div "result">click on login button with &quot;name&quot; and &quot;login&quot; (PASSED : 0s)</div>
<div "result">wait for logout button with &quot;xpath&quot; and &quot;&#x2F;&#x2F;a[@href=&#x27;http:&#x2F;&#x2F;primusbank.qedgetech.com&#x27;]&quot; (PASSED : 0s)</div>
<div "result">click on logout button with &quot;xpath&quot; and &quot;&#x2F;&#x2F;a[@href=&#x27;http:&#x2F;&#x2F;primusbank.qedgetech.com&#x27;]&quot; (PASSED : 0s)</div>
<div "result">close browser (PASSED : 1s)</div>]]>
    </system-out>
  </testcase> <!-- runScenario -->
  <testcase classname="primusRunner.PrimusRunner" name="runScenario" time="8.559">
    <skipped/>
    <system-out>
      <![CDATA[<div "result">launch browser with this url &quot;http:&#x2F;&#x2F;primusbank.qedgetech.com&#x2F;&quot; (PASSED : 7s)</div>
<div "result">wait for text with &quot;xpath&quot; and &quot;(&#x2F;&#x2F;div[@class=&#x27;whitehead&#x27;])[1]&quot; (PASSED : 0s)</div>
<div "result">enter the &quot;222&quot; with &quot;name&quot; and &quot;txtuId&quot; (PASSED : 0s)</div>
<div "result">enter the &quot;Admin&quot; with &quot;name&quot; and &quot;txtPword&quot; (PASSED : 0s)</div>
<div "result">click on login button with &quot;name&quot; and &quot;login&quot; (PASSED : 0s)</div>
<div "result">wait for logout button with &quot;xpath&quot; and &quot;&#x2F;&#x2F;a[@href=&#x27;http:&#x2F;&#x2F;primusbank.qedgetech.com&#x27;]&quot; (FAILED : 0s)</div>
<div "result">click on logout button with &quot;xpath&quot; and &quot;&#x2F;&#x2F;a[@href=&#x27;http:&#x2F;&#x2F;primusbank.qedgetech.com&#x27;]&quot; (SKIPPED)</div>
<div "result">close browser (SKIPPED)</div>]]>
    </system-out>
  </testcase> <!-- runScenario -->
  <testcase classname="primusRunner.PrimusRunner" name="runScenario" time="8.464">
    <skipped/>
    <system-out>
      <![CDATA[<div "result">launch browser with this url &quot;http:&#x2F;&#x2F;primusbank.qedgetech.com&#x2F;&quot; (PASSED : 7s)</div>
<div "result">wait for text with &quot;xpath&quot; and &quot;(&#x2F;&#x2F;div[@class=&#x27;whitehead&#x27;])[1]&quot; (PASSED : 0s)</div>
<div "result">enter the &quot;Admin&quot; with &quot;name&quot; and &quot;txtuId&quot; (PASSED : 0s)</div>
<div "result">enter the &quot;admin&quot; with &quot;name&quot; and &quot;txtPword&quot; (PASSED : 0s)</div>
<div "result">click on login button with &quot;name&quot; and &quot;login&quot; (PASSED : 0s)</div>
<div "result">wait for logout button with &quot;xpath&quot; and &quot;&#x2F;&#x2F;a[@href=&#x27;http:&#x2F;&#x2F;primusbank.qedgetech.com&#x27;]&quot; (FAILED : 0s)</div>
<div "result">click on logout button with &quot;xpath&quot; and &quot;&#x2F;&#x2F;a[@href=&#x27;http:&#x2F;&#x2F;primusbank.qedgetech.com&#x27;]&quot; (SKIPPED)</div>
<div "result">close browser (SKIPPED)</div>]]>
    </system-out>
  </testcase> <!-- runScenario -->
  <system-out>
    <![CDATA[<div "result">launch browser with this url &quot;http:&#x2F;&#x2F;primusbank.qedgetech.com&#x2F;&quot; (PASSED : 9s)</div>
<div "result">wait for text with &quot;xpath&quot; and &quot;(&#x2F;&#x2F;div[@class=&#x27;whitehead&#x27;])[1]&quot; (PASSED : 0s)</div>
<div "result">enter the &quot;Admin&quot; with &quot;name&quot; and &quot;txtuId&quot; (PASSED : 0s)</div>
<div "result">enter the &quot;Admin&quot; with &quot;name&quot; and &quot;txtPword&quot; (PASSED : 0s)</div>
<div "result">click on login button with &quot;name&quot; and &quot;login&quot; (PASSED : 0s)</div>
<div "result">wait for logout button with &quot;xpath&quot; and &quot;&#x2F;&#x2F;a[@href=&#x27;http:&#x2F;&#x2F;primusbank.qedgetech.com&#x27;]&quot; (PASSED : 0s)</div>
<div "result">click on logout button with &quot;xpath&quot; and &quot;&#x2F;&#x2F;a[@href=&#x27;http:&#x2F;&#x2F;primusbank.qedgetech.com&#x27;]&quot; (PASSED : 0s)</div>
<div "result">close browser (PASSED : 1s)</div>
<div "result">launch browser with this url &quot;http:&#x2F;&#x2F;primusbank.qedgetech.com&#x2F;&quot; (PASSED : 7s)</div>
<div "result">wait for text with &quot;xpath&quot; and &quot;(&#x2F;&#x2F;div[@class=&#x27;whitehead&#x27;])[1]&quot; (PASSED : 0s)</div>
<div "result">enter the &quot;Admin&quot; with &quot;name&quot; and &quot;txtuId&quot; (PASSED : 0s)</div>
<div "result">enter the &quot;admin&quot; with &quot;name&quot; and &quot;txtPword&quot; (PASSED : 0s)</div>
<div "result">click on login button with &quot;name&quot; and &quot;login&quot; (PASSED : 0s)</div>
<div "result">wait for logout button with &quot;xpath&quot; and &quot;&#x2F;&#x2F;a[@href=&#x27;http:&#x2F;&#x2F;primusbank.qedgetech.com&#x27;]&quot; (FAILED : 0s)</div>
<div "result">click on logout button with &quot;xpath&quot; and &quot;&#x2F;&#x2F;a[@href=&#x27;http:&#x2F;&#x2F;primusbank.qedgetech.com&#x27;]&quot; (SKIPPED)</div>
<div "result">close browser (SKIPPED)</div>
<div "result">launch browser with this url &quot;http:&#x2F;&#x2F;primusbank.qedgetech.com&#x2F;&quot; (PASSED : 7s)</div>
<div "result">wait for text with &quot;xpath&quot; and &quot;(&#x2F;&#x2F;div[@class=&#x27;whitehead&#x27;])[1]&quot; (PASSED : 0s)</div>
<div "result">enter the &quot;222&quot; with &quot;name&quot; and &quot;txtuId&quot; (PASSED : 0s)</div>
<div "result">enter the &quot;Admin&quot; with &quot;name&quot; and &quot;txtPword&quot; (PASSED : 0s)</div>
<div "result">click on login button with &quot;name&quot; and &quot;login&quot; (PASSED : 0s)</div>
<div "result">wait for logout button with &quot;xpath&quot; and &quot;&#x2F;&#x2F;a[@href=&#x27;http:&#x2F;&#x2F;primusbank.qedgetech.com&#x27;]&quot; (FAILED : 0s)</div>
<div "result">click on logout button with &quot;xpath&quot; and &quot;&#x2F;&#x2F;a[@href=&#x27;http:&#x2F;&#x2F;primusbank.qedgetech.com&#x27;]&quot; (SKIPPED)</div>
<div "result">close browser (SKIPPED)</div>]]>
  </system-out>
</testsuite> <!-- primusRunner.PrimusRunner -->
